app/build/intermediates/manifest_merge_blame_file/debug/processDebugMainManifest/manifest-merger-blame-debug-report.txt
1<?xml version="1.0" encoding="utf-8"?>
2<manifest xmlns:android="http://schemas.android.com/apk/res/android"
3    package="com.example.parentcommunicationregistar_app"
4    android:versionCode="1"
5    android:versionName="1.0" >
6
7    <uses-sdk
8        android:minSdkVersion="21"
9        android:targetSdkVersion="34" />
10
11    <uses-permission android:name="android.permission.READ_EXTERNAL_STORAGE" />
11-->[com.github.Drjacky:ImagePicker:2.3.22] AndroidManifest.xml:9:5-80
11-->[com.github.Drjacky:ImagePicker:2.3.22] AndroidManifest.xml:9:22-77
12    <uses-permission
12-->[com.github.Drjacky:ImagePicker:2.3.22] AndroidManifest.xml:10:5-12:38
13        android:name="android.permission.WRITE_EXTERNAL_STORAGE"
13-->[com.github.Drjacky:ImagePicker:2.3.22] AndroidManifest.xml:11:9-65
14        android:maxSdkVersion="28" />
14-->[com.github.Drjacky:ImagePicker:2.3.22] AndroidManifest.xml:12:9-35
15
16    <queries>
16-->[com.github.Drjacky:ImagePicker:2.3.22] AndroidManifest.xml:14:5-36:15
17
18        <!-- Gallery -->
19        <intent>
19-->[com.github.Drjacky:ImagePicker:2.3.22] AndroidManifest.xml:17:9-23:18
20            <action android:name="android.intent.action.GET_CONTENT" />
20-->[com.github.Drjacky:ImagePicker:2.3.22] AndroidManifest.xml:18:13-72
20-->[com.github.Drjacky:ImagePicker:2.3.22] AndroidManifest.xml:18:21-69
21
22            <category android:name="android.intent.category.OPENABLE" />
22-->[com.github.Drjacky:ImagePicker:2.3.22] AndroidManifest.xml:20:13-73
22-->[com.github.Drjacky:ImagePicker:2.3.22] AndroidManifest.xml:20:23-70
23
24            <data android:mimeType="image/*" />
24-->[com.github.Drjacky:ImagePicker:2.3.22] AndroidManifest.xml:22:13-48
24-->[com.github.Drjacky:ImagePicker:2.3.22] AndroidManifest.xml:22:19-45
25        </intent>
26        <intent>
26-->[com.github.Drjacky:ImagePicker:2.3.22] AndroidManifest.xml:24:9-28:18
27            <action android:name="android.intent.action.PICK" />
27-->[com.github.Drjacky:ImagePicker:2.3.22] AndroidManifest.xml:25:13-65
27-->[com.github.Drjacky:ImagePicker:2.3.22] AndroidManifest.xml:25:21-62
28
29            <data android:mimeType="image/*" />
29-->[com.github.Drjacky:ImagePicker:2.3.22] AndroidManifest.xml:22:13-48
29-->[com.github.Drjacky:ImagePicker:2.3.22] AndroidManifest.xml:22:19-45
30        </intent>
31        <intent>
31-->[com.github.Drjacky:ImagePicker:2.3.22] AndroidManifest.xml:29:9-31:18
32            <action android:name="android.intent.action.CHOOSER" />
32-->[com.github.Drjacky:ImagePicker:2.3.22] AndroidManifest.xml:30:13-68
32-->[com.github.Drjacky:ImagePicker:2.3.22] AndroidManifest.xml:30:21-65
33        </intent>
34        <!-- Camera -->
35        <intent>
35-->[com.github.Drjacky:ImagePicker:2.3.22] AndroidManifest.xml:33:9-35:18
36            <action android:name="android.media.action.IMAGE_CAPTURE" />
36-->[com.github.Drjacky:ImagePicker:2.3.22] AndroidManifest.xml:34:13-73
36-->[com.github.Drjacky:ImagePicker:2.3.22] AndroidManifest.xml:34:21-70
37        </intent>
38    </queries>
39
40    <permission
40-->[androidx.core:core:1.13.0] AndroidManifest.xml:22:5-24:47
41        android:name="com.example.parentcommunicationregistar_app.DYNAMIC_RECEIVER_NOT_EXPORTED_PERMISSION"
41-->[androidx.core:core:1.13.0] AndroidManifest.xml:23:9-81
42        android:protectionLevel="signature" />
42-->[androidx.core:core:1.13.0] AndroidManifest.xml:24:9-44
43
44    <uses-permission android:name="com.example.parentcommunicationregistar_app.DYNAMIC_RECEIVER_NOT_EXPORTED_PERMISSION" />
44-->[androidx.core:core:1.13.0] AndroidManifest.xml:26:5-97
44-->[androidx.core:core:1.13.0] AndroidManifest.xml:26:22-94
45
46    <application
46-->src\main\AndroidManifest.xml:5:5-47:19
47        android:allowBackup="true"
47-->src\main\AndroidManifest.xml:6:9-35
48        android:appComponentFactory="androidx.core.app.CoreComponentFactory"
48-->[androidx.core:core:1.13.0] AndroidManifest.xml:28:18-86
49        android:dataExtractionRules="@xml/data_extraction_rules"
49-->src\main\AndroidManifest.xml:7:9-65
50        android:debuggable="true"
51        android:extractNativeLibs="true"
52        android:fullBackupContent="@xml/backup_rules"
52-->src\main\AndroidManifest.xml:8:9-54
53        android:icon="@mipmap/ic_launcher"
53-->src\main\AndroidManifest.xml:9:9-43
54        android:label="@string/app_name"
54-->src\main\AndroidManifest.xml:10:9-41
55        android:requestLegacyExternalStorage="true"
55-->src\main\AndroidManifest.xml:11:9-52
56        android:roundIcon="@mipmap/ic_launcher_round"
56-->src\main\AndroidManifest.xml:12:9-54
57        android:supportsRtl="false"
57-->src\main\AndroidManifest.xml:13:9-36
58        android:testOnly="true"
59        android:theme="@style/Theme.PCR" >
59-->src\main\AndroidManifest.xml:14:9-41
60        <activity
60-->src\main\AndroidManifest.xml:16:9-18:40
61            android:name="com.example.parentcommunicationregistar_app.AddStudentActivity"
61-->src\main\AndroidManifest.xml:17:13-47
62            android:exported="false" />
62-->src\main\AndroidManifest.xml:18:13-37
63        <activity
63-->src\main\AndroidManifest.xml:19:9-21:40
64            android:name="com.example.parentcommunicationregistar_app.AddFactultyActivity"
64-->src\main\AndroidManifest.xml:20:13-48
65            android:exported="false" />
65-->src\main\AndroidManifest.xml:21:13-37
66        <activity
66-->src\main\AndroidManifest.xml:22:9-24:40
67            android:name="com.example.parentcommunicationregistar_app.AdminFacultyActivity"
67-->src\main\AndroidManifest.xml:23:13-49
68            android:exported="false" />
68-->src\main\AndroidManifest.xml:24:13-37
69        <activity
69-->src\main\AndroidManifest.xml:25:9-27:40
70            android:name="com.example.parentcommunicationregistar_app.StudentActivity"
70-->src\main\AndroidManifest.xml:26:13-44
71            android:exported="false" />
71-->src\main\AndroidManifest.xml:27:13-37
72        <activity android:name="com.example.parentcommunicationregistar_app.Viewattendance_activity" />
72-->src\main\AndroidManifest.xml:28:9-61
72-->src\main\AndroidManifest.xml:28:19-58
73        <activity
73-->src\main\AndroidManifest.xml:29:9-37:20
74            android:name="com.example.parentcommunicationregistar_app.Login_activity"
74-->src\main\AndroidManifest.xml:30:13-43
75            android:exported="true" >
75-->src\main\AndroidManifest.xml:31:13-36
76            <intent-filter>
76-->src\main\AndroidManifest.xml:32:13-36:29
77                <action android:name="android.intent.action.MAIN" />
77-->src\main\AndroidManifest.xml:33:17-69
77-->src\main\AndroidManifest.xml:33:25-66
78
79                <category android:name="android.intent.category.LAUNCHER" />
79-->src\main\AndroidManifest.xml:35:17-77
79-->src\main\AndroidManifest.xml:35:27-74
80            </intent-filter>
81        </activity>
82        <activity android:name="com.example.parentcommunicationregistar_app.take_attendance" />
82-->src\main\AndroidManifest.xml:38:9-53
82-->src\main\AndroidManifest.xml:38:19-50
83        <activity android:name="com.example.parentcommunicationregistar_app.Faculty_Activity" />
83-->src\main\AndroidManifest.xml:39:9-54
83-->src\main\AndroidManifest.xml:39:19-51
84        <activity
84-->src\main\AndroidManifest.xml:40:9-46:20
85            android:name="com.example.parentcommunicationregistar_app.Admin_activity"
85-->src\main\AndroidManifest.xml:41:13-43
86            android:label="@string/title_activity_admin_activity" >
86-->src\main\AndroidManifest.xml:42:13-66
87
88            <!-- android:theme="@style/Theme.ParentCommunicationRegistar_App.NoActionBar" -->
89
90        </activity>
91        <activity
91-->[com.github.Drjacky:ImagePicker:2.3.22] AndroidManifest.xml:39:9-42:68
92            android:name="com.github.drjacky.imagepicker.ImagePickerActivity"
92-->[com.github.Drjacky:ImagePicker:2.3.22] AndroidManifest.xml:40:13-78
93            android:screenOrientation="unspecified"
93-->[com.github.Drjacky:ImagePicker:2.3.22] AndroidManifest.xml:41:13-52
94            android:theme="@style/Theme.Transparent.ImagePicker" />
94-->[com.github.Drjacky:ImagePicker:2.3.22] AndroidManifest.xml:42:13-65
95        <activity
95-->[com.github.Drjacky:ImagePicker:2.3.22] AndroidManifest.xml:43:9-46:72
96            android:name="com.yalantis.ucrop.UCropActivity"
96-->[com.github.Drjacky:ImagePicker:2.3.22] AndroidManifest.xml:44:13-60
97            android:screenOrientation="portrait"
97-->[com.github.Drjacky:ImagePicker:2.3.22] AndroidManifest.xml:45:13-49
98            android:theme="@style/Theme.AppCompat.Light.NoActionBar" />
98-->[com.github.Drjacky:ImagePicker:2.3.22] AndroidManifest.xml:46:13-69
99
100        <provider
100-->[com.github.Drjacky:ImagePicker:2.3.22] AndroidManifest.xml:48:9-56:20
101            android:name="com.github.drjacky.imagepicker.ImagePickerFileProvider"
101-->[com.github.Drjacky:ImagePicker:2.3.22] AndroidManifest.xml:49:13-82
102            android:authorities="com.example.parentcommunicationregistar_app.imagepicker.provider"
102-->[com.github.Drjacky:ImagePicker:2.3.22] AndroidManifest.xml:50:13-72
103            android:exported="false"
103-->[com.github.Drjacky:ImagePicker:2.3.22] AndroidManifest.xml:51:13-37
104            android:grantUriPermissions="true" >
104-->[com.github.Drjacky:ImagePicker:2.3.22] AndroidManifest.xml:52:13-47
105            <meta-data
105-->[com.github.Drjacky:ImagePicker:2.3.22] AndroidManifest.xml:53:13-55:71
106                android:name="android.support.FILE_PROVIDER_PATHS"
106-->[com.github.Drjacky:ImagePicker:2.3.22] AndroidManifest.xml:54:17-67
107                android:resource="@xml/image_picker_provider_paths" />
107-->[com.github.Drjacky:ImagePicker:2.3.22] AndroidManifest.xml:55:17-68
108        </provider>
109        <provider
109-->[androidx.emoji2:emoji2:1.3.0] AndroidManifest.xml:24:9-32:20
110            android:name="androidx.startup.InitializationProvider"
110-->[androidx.emoji2:emoji2:1.3.0] AndroidManifest.xml:25:13-67
111            android:authorities="com.example.parentcommunicationregistar_app.androidx-startup"
111-->[androidx.emoji2:emoji2:1.3.0] AndroidManifest.xml:26:13-68
112            android:exported="false" >
112-->[androidx.emoji2:emoji2:1.3.0] AndroidManifest.xml:27:13-37
113            <meta-data
113-->[androidx.emoji2:emoji2:1.3.0] AndroidManifest.xml:29:13-31:52
114                android:name="androidx.emoji2.text.EmojiCompatInitializer"
114-->[androidx.emoji2:emoji2:1.3.0] AndroidManifest.xml:30:17-75
115                android:value="androidx.startup" />
115-->[androidx.emoji2:emoji2:1.3.0] AndroidManifest.xml:31:17-49
116            <meta-data
116-->[androidx.lifecycle:lifecycle-process:2.6.2] AndroidManifest.xml:29:13-31:52
117                android:name="androidx.lifecycle.ProcessLifecycleInitializer"
117-->[androidx.lifecycle:lifecycle-process:2.6.2] AndroidManifest.xml:30:17-78
118                android:value="androidx.startup" />
118-->[androidx.lifecycle:lifecycle-process:2.6.2] AndroidManifest.xml:31:17-49
119            <meta-data
119-->[androidx.profileinstaller:profileinstaller:1.3.1] AndroidManifest.xml:29:13-31:52
120                android:name="androidx.profileinstaller.ProfileInstallerInitializer"
120-->[androidx.profileinstaller:profileinstaller:1.3.1] AndroidManifest.xml:30:17-85
121                android:value="androidx.startup" />
121-->[androidx.profileinstaller:profileinstaller:1.3.1] AndroidManifest.xml:31:17-49
122        </provider>
123
124        <uses-library
124-->[androidx.window:window:1.0.0] AndroidManifest.xml:25:9-27:40
125            android:name="androidx.window.extensions"
125-->[androidx.window:window:1.0.0] AndroidManifest.xml:26:13-54
126            android:required="false" />
126-->[androidx.window:window:1.0.0] AndroidManifest.xml:27:13-37
127        <uses-library
127-->[androidx.window:window:1.0.0] AndroidManifest.xml:28:9-30:40
128            android:name="androidx.window.sidecar"
128-->[androidx.window:window:1.0.0] AndroidManifest.xml:29:13-51
129            android:required="false" />
129-->[androidx.window:window:1.0.0] AndroidManifest.xml:30:13-37
130
131        <receiver
131-->[androidx.profileinstaller:profileinstaller:1.3.1] AndroidManifest.xml:34:9-52:20
132            android:name="androidx.profileinstaller.ProfileInstallReceiver"
132-->[androidx.profileinstaller:profileinstaller:1.3.1] AndroidManifest.xml:35:13-76
133            android:directBootAware="false"
133-->[androidx.profileinstaller:profileinstaller:1.3.1] AndroidManifest.xml:36:13-44
134            android:enabled="true"
134-->[androidx.profileinstaller:profileinstaller:1.3.1] AndroidManifest.xml:37:13-35
135            android:exported="true"
135-->[androidx.profileinstaller:profileinstaller:1.3.1] AndroidManifest.xml:38:13-36
136            android:permission="android.permission.DUMP" >
136-->[androidx.profileinstaller:profileinstaller:1.3.1] AndroidManifest.xml:39:13-57
137            <intent-filter>
137-->[androidx.profileinstaller:profileinstaller:1.3.1] AndroidManifest.xml:40:13-42:29
138                <action android:name="androidx.profileinstaller.action.INSTALL_PROFILE" />
138-->[androidx.profileinstaller:profileinstaller:1.3.1] AndroidManifest.xml:41:17-91
138-->[androidx.profileinstaller:profileinstaller:1.3.1] AndroidManifest.xml:41:25-88
139            </intent-filter>
140            <intent-filter>
140-->[androidx.profileinstaller:profileinstaller:1.3.1] AndroidManifest.xml:43:13-45:29
141                <action android:name="androidx.profileinstaller.action.SKIP_FILE" />
141-->[androidx.profileinstaller:profileinstaller:1.3.1] AndroidManifest.xml:44:17-85
141-->[androidx.profileinstaller:profileinstaller:1.3.1] AndroidManifest.xml:44:25-82
142            </intent-filter>
143            <intent-filter>
143-->[androidx.profileinstaller:profileinstaller:1.3.1] AndroidManifest.xml:46:13-48:29
144                <action android:name="androidx.profileinstaller.action.SAVE_PROFILE" />
144-->[androidx.profileinstaller:profileinstaller:1.3.1] AndroidManifest.xml:47:17-88
144-->[androidx.profileinstaller:profileinstaller:1.3.1] AndroidManifest.xml:47:25-85
145            </intent-filter>
146            <intent-filter>
146-->[androidx.profileinstaller:profileinstaller:1.3.1] AndroidManifest.xml:49:13-51:29
147                <action android:name="androidx.profileinstaller.action.BENCHMARK_OPERATION" />
147-->[androidx.profileinstaller:profileinstaller:1.3.1] AndroidManifest.xml:50:17-95
147-->[androidx.profileinstaller:profileinstaller:1.3.1] AndroidManifest.xml:50:25-92
148            </intent-filter>
149        </receiver>
150    </application>
151
152</manifest>